
> @vybestack/llxprt-code@0.3.4 build
> node scripts/build.js


> @vybestack/llxprt-code@0.3.4 generate
> node scripts/generate-git-commit-info.js


> @vybestack/llxprt-code-a2a-server@0.3.4 build
> node ../../scripts/build_package.js

Successfully copied files.

> @vybestack/llxprt-code@0.3.4 build
> node ../../scripts/build_package.js

Successfully copied files.

> @vybestack/llxprt-code-core@0.3.4 build
> node ../../scripts/build_package.js

Successfully copied files.

> @vybestack/llxprt-code-test-utils@0.3.4 build
> node ../../scripts/build_package.js

Successfully copied files.

> llxprt-code-vscode-ide-companion@0.3.4 build
> npm run compile


> llxprt-code-vscode-ide-companion@0.3.4 compile
> npm run check-types && npm run lint && node esbuild.js


> llxprt-code-vscode-ide-companion@0.3.4 check-types
> tsc --noEmit


> llxprt-code-vscode-ide-companion@0.3.4 lint
> eslint src

[watch] build started
[watch] build finished
